<?xml version="1.0" encoding="UTF-8"?>
<!-- Generated by org.testng.reporters.JUnitReportReporter -->
<testsuite hostname="Anushas-MacBook-Pro.local" failures="0" tests="15" name="test_runner_team08.TestRunner" time="6.171" errors="0" timestamp="2024-03-30T11:29:31 EDT" skipped="0">
  <testcase classname="test_runner_team08.TestRunner" name="runScenario" time="0.721"/>
  <testcase classname="test_runner_team08.TestRunner" name="runScenario" time="0.127"/>
  <testcase classname="test_runner_team08.TestRunner" name="runScenario" time="1.411"/>
  <testcase classname="test_runner_team08.TestRunner" name="runScenario" time="0.124"/>
  <testcase classname="test_runner_team08.TestRunner" name="runScenario" time="0.642"/>
  <testcase classname="test_runner_team08.TestRunner" name="runScenario" time="0.118"/>
  <testcase classname="test_runner_team08.TestRunner" name="runScenario" time="0.120"/>
  <testcase classname="test_runner_team08.TestRunner" name="runScenario" time="0.225"/>
  <testcase classname="test_runner_team08.TestRunner" name="runScenario" time="0.131"/>
  <testcase classname="test_runner_team08.TestRunner" name="runScenario" time="0.515"/>
  <testcase classname="test_runner_team08.TestRunner" name="runScenario" time="0.588"/>
  <testcase classname="test_runner_team08.TestRunner" name="runScenario" time="0.137"/>
  <testcase classname="test_runner_team08.TestRunner" name="runScenario" time="0.121"/>
  <testcase classname="test_runner_team08.TestRunner" name="runScenario" time="0.589"/>
  <testcase classname="test_runner_team08.TestRunner" name="runScenario" time="0.602"/>
</testsuite> <!-- test_runner_team08.TestRunner -->
