<?xml version="1.0" encoding="UTF-8"?>
<!-- Generated by org.testng.reporters.JUnitReportReporter -->
<testsuite hostname="Anushas-MacBook-Pro.local" failures="0" tests="2" name="TestRunner.TestRunner" time="2.325" errors="0" timestamp="2024-03-28T15:28:26 EDT" skipped="0">
  <testcase classname="TestRunner.TestRunner" name="runScenario" time="0.494"/>
  <testcase classname="TestRunner.TestRunner" name="runScenario" time="1.831"/>
</testsuite> <!-- TestRunner.TestRunner -->
