<?xml version="1.0" encoding="UTF-8"?>
<!-- Generated by org.testng.reporters.JUnitReportReporter -->
<testsuite hostname="UmaBalaji" failures="0" tests="30" name="testRunner.TestRunner" time="14.058" errors="0" timestamp="2024-04-02T13:58:43 CDT" skipped="0">
  <testcase classname="testRunner.TestRunner" name="runScenario" time="0.303"/>
  <system-out/>
  <testcase classname="testRunner.TestRunner" name="runScenario" time="0.349"/>
  <system-out/>
  <testcase classname="testRunner.TestRunner" name="runScenario" time="0.327"/>
  <system-out/>
  <testcase classname="testRunner.TestRunner" name="runScenario" time="0.579"/>
  <system-out/>
  <testcase classname="testRunner.TestRunner" name="runScenario" time="0.317"/>
  <system-out/>
  <testcase classname="testRunner.TestRunner" name="runScenario" time="0.288"/>
  <system-out/>
  <testcase classname="testRunner.TestRunner" name="runScenario" time="0.705"/>
  <system-out/>
  <testcase classname="testRunner.TestRunner" name="runScenario" time="0.300"/>
  <system-out/>
  <testcase classname="testRunner.TestRunner" name="runScenario" time="0.300"/>
  <system-out/>
  <testcase classname="testRunner.TestRunner" name="runScenario" time="0.295"/>
  <system-out/>
  <testcase classname="testRunner.TestRunner" name="runScenario" time="0.286"/>
  <system-out/>
  <testcase classname="testRunner.TestRunner" name="runScenario" time="0.298"/>
  <system-out/>
  <testcase classname="testRunner.TestRunner" name="runScenario" time="0.346"/>
  <system-out/>
  <testcase classname="testRunner.TestRunner" name="runScenario" time="0.337"/>
  <system-out/>
  <testcase classname="testRunner.TestRunner" name="runScenario" time="0.330"/>
  <system-out/>
  <testcase classname="testRunner.TestRunner" name="runScenario" time="0.315"/>
  <system-out/>
  <testcase classname="testRunner.TestRunner" name="runScenario" time="0.337"/>
  <system-out/>
  <testcase classname="testRunner.TestRunner" name="runScenario" time="0.924"/>
  <system-out/>
  <testcase classname="testRunner.TestRunner" name="runScenario" time="0.298"/>
  <system-out/>
  <testcase classname="testRunner.TestRunner" name="runScenario" time="0.337"/>
  <system-out/>
  <testcase classname="testRunner.TestRunner" name="runScenario" time="0.323"/>
  <system-out/>
  <testcase classname="testRunner.TestRunner" name="runScenario" time="0.272"/>
  <system-out/>
  <testcase classname="testRunner.TestRunner" name="runScenario" time="3.284"/>
  <system-out/>
  <testcase classname="testRunner.TestRunner" name="runScenario" time="0.275"/>
  <system-out/>
  <testcase classname="testRunner.TestRunner" name="runScenario" time="0.252"/>
  <system-out/>
  <testcase classname="testRunner.TestRunner" name="runScenario" time="0.841"/>
  <system-out/>
  <testcase classname="testRunner.TestRunner" name="runScenario" time="0.373"/>
  <system-out/>
  <testcase classname="testRunner.TestRunner" name="runScenario" time="0.254"/>
  <system-out/>
  <testcase classname="testRunner.TestRunner" name="runScenario" time="0.325"/>
  <system-out/>
  <testcase classname="testRunner.TestRunner" name="runScenario" time="0.288"/>
  <system-out/>
</testsuite> <!-- testRunner.TestRunner -->
