<?xml version="1.0" encoding="UTF-8"?>
<!-- Generated by org.testng.reporters.JUnitReportReporter -->
<testsuite hostname="Anushas-MacBook-Pro.local" failures="0" tests="2" name="TestRunner.TestRunner" time="2.323" errors="0" timestamp="2024-03-28T16:20:32 EDT" skipped="0">
  <testcase classname="TestRunner.TestRunner" name="runScenario" time="0.437"/>
  <testcase classname="TestRunner.TestRunner" name="runScenario" time="1.886"/>
</testsuite> <!-- TestRunner.TestRunner -->
