<?xml version="1.0" encoding="UTF-8"?>
<!-- Generated by org.testng.reporters.JUnitReportReporter -->
<testsuite hostname="Anushas-MacBook-Pro.local" failures="0" tests="1" name="utilities.ReusableMethods" time="0.009" errors="0" timestamp="2024-03-29T11:11:11 EDT" skipped="0">
  <testcase classname="utilities.ReusableMethods" name="tryh" time="0.009"/>
</testsuite> <!-- utilities.ReusableMethods -->
