<?xml version="1.0" encoding="UTF-8"?>
<!-- Generated by org.testng.reporters.JUnitReportReporter -->
<testsuite hostname="Anushas-MacBook-Pro.local" failures="4" tests="76" name="test_runner_team08.TestRunner" time="17.358" errors="0" timestamp="2024-04-01T15:25:54 EDT" skipped="0">
  <testcase classname="test_runner_team08.TestRunner" name="runScenario" time="0.138"/>
  <testcase classname="test_runner_team08.TestRunner" name="runScenario" time="0.158"/>
  <testcase classname="test_runner_team08.TestRunner" name="runScenario" time="0.551"/>
  <testcase classname="test_runner_team08.TestRunner" name="runScenario" time="0.133"/>
  <testcase classname="test_runner_team08.TestRunner" name="runScenario" time="0.127"/>
  <testcase classname="test_runner_team08.TestRunner" name="runScenario" time="0.123"/>
  <testcase classname="test_runner_team08.TestRunner" name="runScenario" time="0.125"/>
  <testcase classname="test_runner_team08.TestRunner" name="runScenario" time="1.745"/>
  <testcase classname="test_runner_team08.TestRunner" name="runScenario" time="0.570"/>
  <testcase classname="test_runner_team08.TestRunner" name="runScenario" time="0.133"/>
  <testcase classname="test_runner_team08.TestRunner" name="runScenario" time="0.145"/>
  <testcase classname="test_runner_team08.TestRunner" name="runScenario" time="0.160"/>
  <testcase classname="test_runner_team08.TestRunner" name="runScenario" time="0.145"/>
  <testcase classname="test_runner_team08.TestRunner" name="runScenario" time="0.489"/>
  <testcase classname="test_runner_team08.TestRunner" name="runScenario" time="0.188"/>
  <testcase classname="test_runner_team08.TestRunner" name="runScenario" time="0.151"/>
  <testcase classname="test_runner_team08.TestRunner" name="runScenario" time="0.119"/>
  <testcase classname="test_runner_team08.TestRunner" name="runScenario" time="0.166"/>
  <testcase classname="test_runner_team08.TestRunner" name="runScenario" time="0.162"/>
  <testcase classname="test_runner_team08.TestRunner" name="runScenario" time="0.153"/>
  <testcase classname="test_runner_team08.TestRunner" name="runScenario" time="0.134"/>
  <testcase classname="test_runner_team08.TestRunner" name="runScenario" time="0.128"/>
  <testcase classname="test_runner_team08.TestRunner" name="runScenario" time="0.548">
    <failure message="Status validation expected:&lt;400&gt; but was:&lt;201&gt;" type="java.lang.AssertionError">
      <![CDATA[java.lang.AssertionError: Status validation expected:<400> but was:<201>
at org.junit.Assert.fail(Assert.java:93)
at org.junit.Assert.failNotEquals(Assert.java:647)
at org.junit.Assert.assertEquals(Assert.java:128)
at org.junit.Assert.assertEquals(Assert.java:472)
at utilities_team08.CommonValidation.statusValidations(CommonValidation.java:69)
at step_definition_team08.UserModuleStepDefinition.admin_receives_bad_request_status_with_message_and_boolean_success_details(UserModuleStepDefinition.java:281)
at ✽.Admin receives 400 Bad Request Status with message and boolean success details(file:///Users/anushakarthick/NumpyNinja/Team_08_APIArchitects_RestAssured/src/test/resources/features/004_User_Module.feature:50)
]]>
    </failure>
  </testcase> <!-- runScenario -->
  <testcase classname="test_runner_team08.TestRunner" name="runScenario" time="0.121"/>
  <testcase classname="test_runner_team08.TestRunner" name="runScenario" time="0.450">
    <failure message="Status validation expected:&lt;400&gt; but was:&lt;201&gt;" type="java.lang.AssertionError">
      <![CDATA[java.lang.AssertionError: Status validation expected:<400> but was:<201>
at org.junit.Assert.fail(Assert.java:93)
at org.junit.Assert.failNotEquals(Assert.java:647)
at org.junit.Assert.assertEquals(Assert.java:128)
at org.junit.Assert.assertEquals(Assert.java:472)
at utilities_team08.CommonValidation.statusValidations(CommonValidation.java:69)
at step_definition_team08.UserModuleStepDefinition.admin_receives_bad_request_status_with_message_and_boolean_success_details(UserModuleStepDefinition.java:281)
at ✽.Admin receives 400 Bad Request Status with message and boolean success details(file:///Users/anushakarthick/NumpyNinja/Team_08_APIArchitects_RestAssured/src/test/resources/features/004_User_Module.feature:50)
]]>
    </failure>
  </testcase> <!-- runScenario -->
  <testcase classname="test_runner_team08.TestRunner" name="runScenario" time="0.546"/>
  <testcase classname="test_runner_team08.TestRunner" name="runScenario" time="0.141"/>
  <testcase classname="test_runner_team08.TestRunner" name="runScenario" time="0.130"/>
  <testcase classname="test_runner_team08.TestRunner" name="runScenario" time="0.124"/>
  <testcase classname="test_runner_team08.TestRunner" name="runScenario" time="0.577">
    <failure message="Status validation expected:&lt;400&gt; but was:&lt;201&gt;" type="java.lang.AssertionError">
      <![CDATA[java.lang.AssertionError: Status validation expected:<400> but was:<201>
at org.junit.Assert.fail(Assert.java:93)
at org.junit.Assert.failNotEquals(Assert.java:647)
at org.junit.Assert.assertEquals(Assert.java:128)
at org.junit.Assert.assertEquals(Assert.java:472)
at utilities_team08.CommonValidation.statusValidations(CommonValidation.java:69)
at step_definition_team08.UserModuleStepDefinition.admin_receives_bad_request_status_with_message_and_boolean_success_details(UserModuleStepDefinition.java:281)
at ✽.Admin receives 400 Bad Request Status with message and boolean success details(file:///Users/anushakarthick/NumpyNinja/Team_08_APIArchitects_RestAssured/src/test/resources/features/004_User_Module.feature:67)
]]>
    </failure>
  </testcase> <!-- runScenario -->
  <testcase classname="test_runner_team08.TestRunner" name="runScenario" time="0.154"/>
  <testcase classname="test_runner_team08.TestRunner" name="runScenario" time="0.497"/>
  <testcase classname="test_runner_team08.TestRunner" name="runScenario" time="0.143"/>
  <testcase classname="test_runner_team08.TestRunner" name="runScenario" time="0.154"/>
  <testcase classname="test_runner_team08.TestRunner" name="runScenario" time="0.163"/>
  <testcase classname="test_runner_team08.TestRunner" name="runScenario" time="0.155"/>
  <testcase classname="test_runner_team08.TestRunner" name="runScenario" time="0.146"/>
  <testcase classname="test_runner_team08.TestRunner" name="runScenario" time="0.131"/>
  <testcase classname="test_runner_team08.TestRunner" name="runScenario" time="0.443">
    <failure message="Status validation expected:&lt;400&gt; but was:&lt;201&gt;" type="java.lang.AssertionError">
      <![CDATA[java.lang.AssertionError: Status validation expected:<400> but was:<201>
at org.junit.Assert.fail(Assert.java:93)
at org.junit.Assert.failNotEquals(Assert.java:647)
at org.junit.Assert.assertEquals(Assert.java:128)
at org.junit.Assert.assertEquals(Assert.java:472)
at utilities_team08.CommonValidation.statusValidations(CommonValidation.java:69)
at step_definition_team08.UserModuleStepDefinition.admin_receives_bad_request_status_with_message_and_boolean_success_details(UserModuleStepDefinition.java:281)
at ✽.Admin receives 400 Bad Request Status with message and boolean success details(file:///Users/anushakarthick/NumpyNinja/Team_08_APIArchitects_RestAssured/src/test/resources/features/004_User_Module.feature:67)
]]>
    </failure>
  </testcase> <!-- runScenario -->
  <testcase classname="test_runner_team08.TestRunner" name="runScenario" time="0.125"/>
  <testcase classname="test_runner_team08.TestRunner" name="runScenario" time="0.121"/>
  <testcase classname="test_runner_team08.TestRunner" name="runScenario" time="0.152"/>
  <testcase classname="test_runner_team08.TestRunner" name="runScenario" time="0.147"/>
  <testcase classname="test_runner_team08.TestRunner" name="runScenario" time="0.135"/>
  <testcase classname="test_runner_team08.TestRunner" name="runScenario" time="0.130"/>
  <testcase classname="test_runner_team08.TestRunner" name="runScenario" time="0.151"/>
  <testcase classname="test_runner_team08.TestRunner" name="runScenario" time="0.126"/>
  <testcase classname="test_runner_team08.TestRunner" name="runScenario" time="0.156"/>
  <testcase classname="test_runner_team08.TestRunner" name="runScenario" time="0.123"/>
  <testcase classname="test_runner_team08.TestRunner" name="runScenario" time="0.153"/>
  <testcase classname="test_runner_team08.TestRunner" name="runScenario" time="0.153"/>
  <testcase classname="test_runner_team08.TestRunner" name="runScenario" time="0.663"/>
  <testcase classname="test_runner_team08.TestRunner" name="runScenario" time="0.133"/>
  <testcase classname="test_runner_team08.TestRunner" name="runScenario" time="0.138"/>
  <testcase classname="test_runner_team08.TestRunner" name="runScenario" time="0.149"/>
  <testcase classname="test_runner_team08.TestRunner" name="runScenario" time="0.115"/>
  <testcase classname="test_runner_team08.TestRunner" name="runScenario" time="0.126"/>
  <testcase classname="test_runner_team08.TestRunner" name="runScenario" time="0.125"/>
  <testcase classname="test_runner_team08.TestRunner" name="runScenario" time="0.141"/>
  <testcase classname="test_runner_team08.TestRunner" name="runScenario" time="0.473"/>
  <testcase classname="test_runner_team08.TestRunner" name="runScenario" time="0.151"/>
  <testcase classname="test_runner_team08.TestRunner" name="runScenario" time="0.805"/>
  <testcase classname="test_runner_team08.TestRunner" name="runScenario" time="0.130"/>
  <testcase classname="test_runner_team08.TestRunner" name="runScenario" time="0.157"/>
  <testcase classname="test_runner_team08.TestRunner" name="runScenario" time="0.257"/>
  <testcase classname="test_runner_team08.TestRunner" name="runScenario" time="0.237"/>
  <testcase classname="test_runner_team08.TestRunner" name="runScenario" time="0.122"/>
  <testcase classname="test_runner_team08.TestRunner" name="runScenario" time="0.140"/>
  <testcase classname="test_runner_team08.TestRunner" name="runScenario" time="0.137"/>
  <testcase classname="test_runner_team08.TestRunner" name="runScenario" time="0.122"/>
  <testcase classname="test_runner_team08.TestRunner" name="runScenario" time="0.169"/>
  <testcase classname="test_runner_team08.TestRunner" name="runScenario" time="0.139"/>
  <testcase classname="test_runner_team08.TestRunner" name="runScenario" time="0.118"/>
  <testcase classname="test_runner_team08.TestRunner" name="runScenario" time="0.120"/>
  <testcase classname="test_runner_team08.TestRunner" name="runScenario" time="0.118"/>
  <testcase classname="test_runner_team08.TestRunner" name="runScenario" time="0.135"/>
</testsuite> <!-- test_runner_team08.TestRunner -->
