<?xml version="1.0" encoding="UTF-8"?>
<!-- Generated by org.testng.reporters.JUnitReportReporter -->
<testsuite hostname="Anushas-MacBook-Pro.local" failures="0" tests="4" name="TestRunner.TestRunner" time="3.406" errors="0" timestamp="2024-03-29T16:29:38 EDT" skipped="0">
  <testcase classname="TestRunner.TestRunner" name="runScenario" time="1.497"/>
  <testcase classname="TestRunner.TestRunner" name="runScenario" time="0.615"/>
  <testcase classname="TestRunner.TestRunner" name="runScenario" time="0.694"/>
  <testcase classname="TestRunner.TestRunner" name="runScenario" time="0.600"/>
</testsuite> <!-- TestRunner.TestRunner -->
