<?xml version="1.0" encoding="UTF-8"?>
<!-- Generated by org.testng.reporters.JUnitReportReporter -->
<testsuite hostname="Anushas-MacBook-Pro.local" failures="0" tests="15" name="test_runner_team08.TestRunner" time="6.165" errors="0" timestamp="2024-03-30T00:34:06 EDT" skipped="0">
  <testcase classname="test_runner_team08.TestRunner" name="runScenario" time="0.571"/>
  <testcase classname="test_runner_team08.TestRunner" name="runScenario" time="0.126"/>
  <testcase classname="test_runner_team08.TestRunner" name="runScenario" time="0.392"/>
  <testcase classname="test_runner_team08.TestRunner" name="runScenario" time="0.178"/>
  <testcase classname="test_runner_team08.TestRunner" name="runScenario" time="0.135"/>
  <testcase classname="test_runner_team08.TestRunner" name="runScenario" time="0.132"/>
  <testcase classname="test_runner_team08.TestRunner" name="runScenario" time="0.129"/>
  <testcase classname="test_runner_team08.TestRunner" name="runScenario" time="0.220"/>
  <testcase classname="test_runner_team08.TestRunner" name="runScenario" time="0.404"/>
  <testcase classname="test_runner_team08.TestRunner" name="runScenario" time="0.121"/>
  <testcase classname="test_runner_team08.TestRunner" name="runScenario" time="0.636"/>
  <testcase classname="test_runner_team08.TestRunner" name="runScenario" time="0.560"/>
  <testcase classname="test_runner_team08.TestRunner" name="runScenario" time="0.120"/>
  <testcase classname="test_runner_team08.TestRunner" name="runScenario" time="1.828"/>
  <testcase classname="test_runner_team08.TestRunner" name="runScenario" time="0.613"/>
</testsuite> <!-- test_runner_team08.TestRunner -->
