<?xml version="1.0" encoding="UTF-8"?>
<!-- Generated by org.testng.reporters.JUnitReportReporter -->
<testsuite hostname="Anushas-MacBook-Pro.local" failures="0" tests="15" name="test_runner_team08.TestRunner" time="6.242" errors="0" timestamp="2024-03-29T22:08:02 EDT" skipped="0">
  <testcase classname="test_runner_team08.TestRunner" name="runScenario" time="0.912"/>
  <testcase classname="test_runner_team08.TestRunner" name="runScenario" time="0.137"/>
  <testcase classname="test_runner_team08.TestRunner" name="runScenario" time="0.366"/>
  <testcase classname="test_runner_team08.TestRunner" name="runScenario" time="0.121"/>
  <testcase classname="test_runner_team08.TestRunner" name="runScenario" time="0.119"/>
  <testcase classname="test_runner_team08.TestRunner" name="runScenario" time="0.123"/>
  <testcase classname="test_runner_team08.TestRunner" name="runScenario" time="0.129"/>
  <testcase classname="test_runner_team08.TestRunner" name="runScenario" time="0.205"/>
  <testcase classname="test_runner_team08.TestRunner" name="runScenario" time="0.400"/>
  <testcase classname="test_runner_team08.TestRunner" name="runScenario" time="0.124"/>
  <testcase classname="test_runner_team08.TestRunner" name="runScenario" time="0.470"/>
  <testcase classname="test_runner_team08.TestRunner" name="runScenario" time="0.598"/>
  <testcase classname="test_runner_team08.TestRunner" name="runScenario" time="0.121"/>
  <testcase classname="test_runner_team08.TestRunner" name="runScenario" time="1.803"/>
  <testcase classname="test_runner_team08.TestRunner" name="runScenario" time="0.614"/>
</testsuite> <!-- test_runner_team08.TestRunner -->
