<?xml version="1.0" encoding="UTF-8"?>
<!-- Generated by org.testng.reporters.JUnitReportReporter -->
<testsuite hostname="UmaBalaji" failures="0" tests="30" name="testRunner.TestRunner" time="14.738" errors="0" timestamp="2024-04-02T12:14:59 CDT" skipped="0">
  <testcase classname="testRunner.TestRunner" name="runScenario" time="0.383"/>
  <system-out/>
  <testcase classname="testRunner.TestRunner" name="runScenario" time="0.385"/>
  <system-out/>
  <testcase classname="testRunner.TestRunner" name="runScenario" time="0.391"/>
  <system-out/>
  <testcase classname="testRunner.TestRunner" name="runScenario" time="0.352"/>
  <system-out/>
  <testcase classname="testRunner.TestRunner" name="runScenario" time="0.297"/>
  <system-out/>
  <testcase classname="testRunner.TestRunner" name="runScenario" time="0.310"/>
  <system-out/>
  <testcase classname="testRunner.TestRunner" name="runScenario" time="0.357"/>
  <system-out/>
  <testcase classname="testRunner.TestRunner" name="runScenario" time="0.285"/>
  <system-out/>
  <testcase classname="testRunner.TestRunner" name="runScenario" time="0.248"/>
  <system-out/>
  <testcase classname="testRunner.TestRunner" name="runScenario" time="0.266"/>
  <system-out/>
  <testcase classname="testRunner.TestRunner" name="runScenario" time="0.297"/>
  <system-out/>
  <testcase classname="testRunner.TestRunner" name="runScenario" time="0.333"/>
  <system-out/>
  <testcase classname="testRunner.TestRunner" name="runScenario" time="1.025"/>
  <system-out/>
  <testcase classname="testRunner.TestRunner" name="runScenario" time="0.593"/>
  <system-out/>
  <testcase classname="testRunner.TestRunner" name="runScenario" time="0.452"/>
  <system-out/>
  <testcase classname="testRunner.TestRunner" name="runScenario" time="0.313"/>
  <system-out/>
  <testcase classname="testRunner.TestRunner" name="runScenario" time="0.831"/>
  <system-out/>
  <testcase classname="testRunner.TestRunner" name="runScenario" time="0.344"/>
  <system-out/>
  <testcase classname="testRunner.TestRunner" name="runScenario" time="0.304"/>
  <system-out/>
  <testcase classname="testRunner.TestRunner" name="runScenario" time="3.415"/>
  <system-out/>
  <testcase classname="testRunner.TestRunner" name="runScenario" time="0.785"/>
  <system-out/>
  <testcase classname="testRunner.TestRunner" name="runScenario" time="0.334"/>
  <system-out/>
  <testcase classname="testRunner.TestRunner" name="runScenario" time="0.327"/>
  <system-out/>
  <testcase classname="testRunner.TestRunner" name="runScenario" time="0.303"/>
  <system-out/>
  <testcase classname="testRunner.TestRunner" name="runScenario" time="0.301"/>
  <system-out/>
  <testcase classname="testRunner.TestRunner" name="runScenario" time="0.363"/>
  <system-out/>
  <testcase classname="testRunner.TestRunner" name="runScenario" time="0.288"/>
  <system-out/>
  <testcase classname="testRunner.TestRunner" name="runScenario" time="0.296"/>
  <system-out/>
  <testcase classname="testRunner.TestRunner" name="runScenario" time="0.269"/>
  <system-out/>
  <testcase classname="testRunner.TestRunner" name="runScenario" time="0.291"/>
  <system-out/>
</testsuite> <!-- testRunner.TestRunner -->
