<?xml version="1.0" encoding="UTF-8"?>
<!-- Generated by org.testng.reporters.JUnitReportReporter -->
<testsuite hostname="Anushas-MacBook-Pro.local" failures="0" tests="1" name="utilities.ExcelREaderData" time="0.773" errors="0" timestamp="2024-03-27T17:42:58 EDT" skipped="0">
  <testcase classname="utilities.ExcelREaderData" name="loginCred" time="0.773"/>
</testsuite> <!-- utilities.ExcelREaderData -->
