<?xml version="1.0" encoding="UTF-8"?>
<!-- Generated by org.testng.reporters.JUnitReportReporter -->
<testsuite hostname="Anushas-MacBook-Pro.local" failures="0" tests="1" name="Utilities.ExcelREaderData" time="0.521" errors="0" timestamp="2024-03-27T11:03:29 EDT" skipped="0">
  <testcase classname="Utilities.ExcelREaderData" name="loginCred" time="0.521"/>
</testsuite> <!-- Utilities.ExcelREaderData -->
