<?xml version="1.0" encoding="UTF-8"?>
<!-- Generated by org.testng.reporters.JUnitReportReporter -->
<testsuite hostname="Anushas-MacBook-Pro.local" failures="0" tests="89" name="test_runner_team08.TestRunner" time="18.504" errors="0" timestamp="2024-04-02T02:23:08 EDT" skipped="0">
  <testcase classname="test_runner_team08.TestRunner" name="runScenario" time="0.544"/>
  <testcase classname="test_runner_team08.TestRunner" name="runScenario" time="0.138"/>
  <testcase classname="test_runner_team08.TestRunner" name="runScenario" time="0.138"/>
  <testcase classname="test_runner_team08.TestRunner" name="runScenario" time="0.122"/>
  <testcase classname="test_runner_team08.TestRunner" name="runScenario" time="0.153"/>
  <testcase classname="test_runner_team08.TestRunner" name="runScenario" time="0.128"/>
  <testcase classname="test_runner_team08.TestRunner" name="runScenario" time="0.138"/>
  <testcase classname="test_runner_team08.TestRunner" name="runScenario" time="0.120"/>
  <testcase classname="test_runner_team08.TestRunner" name="runScenario" time="0.135"/>
  <testcase classname="test_runner_team08.TestRunner" name="runScenario" time="0.120"/>
  <testcase classname="test_runner_team08.TestRunner" name="runScenario" time="0.554"/>
  <testcase classname="test_runner_team08.TestRunner" name="runScenario" time="0.162"/>
  <testcase classname="test_runner_team08.TestRunner" name="runScenario" time="0.133"/>
  <testcase classname="test_runner_team08.TestRunner" name="runScenario" time="0.994"/>
  <testcase classname="test_runner_team08.TestRunner" name="runScenario" time="0.138"/>
  <testcase classname="test_runner_team08.TestRunner" name="runScenario" time="0.118"/>
  <testcase classname="test_runner_team08.TestRunner" name="runScenario" time="0.154"/>
  <testcase classname="test_runner_team08.TestRunner" name="runScenario" time="1.629"/>
  <testcase classname="test_runner_team08.TestRunner" name="runScenario" time="0.119"/>
  <testcase classname="test_runner_team08.TestRunner" name="runScenario" time="0.120"/>
  <testcase classname="test_runner_team08.TestRunner" name="runScenario" time="0.120"/>
  <testcase classname="test_runner_team08.TestRunner" name="runScenario" time="0.153"/>
  <testcase classname="test_runner_team08.TestRunner" name="runScenario" time="0.120"/>
  <testcase classname="test_runner_team08.TestRunner" name="runScenario" time="0.144"/>
  <testcase classname="test_runner_team08.TestRunner" name="runScenario" time="0.702"/>
  <testcase classname="test_runner_team08.TestRunner" name="runScenario" time="0.125"/>
  <testcase classname="test_runner_team08.TestRunner" name="runScenario" time="0.162"/>
  <testcase classname="test_runner_team08.TestRunner" name="runScenario" time="0.161"/>
  <testcase classname="test_runner_team08.TestRunner" name="runScenario" time="0.128"/>
  <testcase classname="test_runner_team08.TestRunner" name="runScenario" time="0.157"/>
  <testcase classname="test_runner_team08.TestRunner" name="runScenario" time="0.129"/>
  <testcase classname="test_runner_team08.TestRunner" name="runScenario" time="0.117"/>
  <testcase classname="test_runner_team08.TestRunner" name="runScenario" time="0.121"/>
  <testcase classname="test_runner_team08.TestRunner" name="runScenario" time="0.156"/>
  <testcase classname="test_runner_team08.TestRunner" name="runScenario" time="0.138"/>
  <testcase classname="test_runner_team08.TestRunner" name="runScenario" time="0.123"/>
  <testcase classname="test_runner_team08.TestRunner" name="runScenario" time="0.191"/>
  <testcase classname="test_runner_team08.TestRunner" name="runScenario" time="0.130"/>
  <testcase classname="test_runner_team08.TestRunner" name="runScenario" time="0.124"/>
  <testcase classname="test_runner_team08.TestRunner" name="runScenario" time="0.128"/>
  <testcase classname="test_runner_team08.TestRunner" name="runScenario" time="0.355"/>
  <testcase classname="test_runner_team08.TestRunner" name="runScenario" time="0.147"/>
  <testcase classname="test_runner_team08.TestRunner" name="runScenario" time="0.130"/>
  <testcase classname="test_runner_team08.TestRunner" name="runScenario" time="0.142"/>
  <testcase classname="test_runner_team08.TestRunner" name="runScenario" time="0.133"/>
  <testcase classname="test_runner_team08.TestRunner" name="runScenario" time="0.131"/>
  <testcase classname="test_runner_team08.TestRunner" name="runScenario" time="0.133"/>
  <testcase classname="test_runner_team08.TestRunner" name="runScenario" time="0.122"/>
  <testcase classname="test_runner_team08.TestRunner" name="runScenario" time="0.125"/>
  <testcase classname="test_runner_team08.TestRunner" name="runScenario" time="0.138"/>
  <testcase classname="test_runner_team08.TestRunner" name="runScenario" time="0.159"/>
  <testcase classname="test_runner_team08.TestRunner" name="runScenario" time="0.161"/>
  <testcase classname="test_runner_team08.TestRunner" name="runScenario" time="0.128"/>
  <testcase classname="test_runner_team08.TestRunner" name="runScenario" time="0.130"/>
  <testcase classname="test_runner_team08.TestRunner" name="runScenario" time="0.127"/>
  <testcase classname="test_runner_team08.TestRunner" name="runScenario" time="0.985"/>
  <testcase classname="test_runner_team08.TestRunner" name="runScenario" time="0.540"/>
  <testcase classname="test_runner_team08.TestRunner" name="runScenario" time="0.155"/>
  <testcase classname="test_runner_team08.TestRunner" name="runScenario" time="0.116"/>
  <testcase classname="test_runner_team08.TestRunner" name="runScenario" time="0.160"/>
  <testcase classname="test_runner_team08.TestRunner" name="runScenario" time="0.127"/>
  <testcase classname="test_runner_team08.TestRunner" name="runScenario" time="0.177"/>
  <testcase classname="test_runner_team08.TestRunner" name="runScenario" time="0.121"/>
  <testcase classname="test_runner_team08.TestRunner" name="runScenario" time="0.114"/>
  <testcase classname="test_runner_team08.TestRunner" name="runScenario" time="0.122"/>
  <testcase classname="test_runner_team08.TestRunner" name="runScenario" time="0.222"/>
  <testcase classname="test_runner_team08.TestRunner" name="runScenario" time="0.127"/>
  <testcase classname="test_runner_team08.TestRunner" name="runScenario" time="0.130"/>
  <testcase classname="test_runner_team08.TestRunner" name="runScenario" time="0.241"/>
  <testcase classname="test_runner_team08.TestRunner" name="runScenario" time="0.242"/>
  <testcase classname="test_runner_team08.TestRunner" name="runScenario" time="0.128"/>
  <testcase classname="test_runner_team08.TestRunner" name="runScenario" time="0.142"/>
  <testcase classname="test_runner_team08.TestRunner" name="runScenario" time="0.126"/>
  <testcase classname="test_runner_team08.TestRunner" name="runScenario" time="0.128"/>
  <testcase classname="test_runner_team08.TestRunner" name="runScenario" time="0.128"/>
  <testcase classname="test_runner_team08.TestRunner" name="runScenario" time="0.136"/>
  <testcase classname="test_runner_team08.TestRunner" name="runScenario" time="0.119"/>
  <testcase classname="test_runner_team08.TestRunner" name="runScenario" time="0.523"/>
  <testcase classname="test_runner_team08.TestRunner" name="runScenario" time="0.133"/>
  <testcase classname="test_runner_team08.TestRunner" name="runScenario" time="0.121"/>
  <testcase classname="test_runner_team08.TestRunner" name="runScenario" time="0.277"/>
  <testcase classname="test_runner_team08.TestRunner" name="runScenario" time="0.150"/>
  <testcase classname="test_runner_team08.TestRunner" name="runScenario" time="0.130"/>
  <testcase classname="test_runner_team08.TestRunner" name="runScenario" time="0.340"/>
  <testcase classname="test_runner_team08.TestRunner" name="runScenario" time="0.191"/>
  <testcase classname="test_runner_team08.TestRunner" name="runScenario" time="0.255"/>
  <testcase classname="test_runner_team08.TestRunner" name="runScenario" time="0.150"/>
  <testcase classname="test_runner_team08.TestRunner" name="runScenario" time="0.170"/>
  <testcase classname="test_runner_team08.TestRunner" name="runScenario" time="0.131"/>
</testsuite> <!-- test_runner_team08.TestRunner -->
